Determining if the system is big endian passed with the following output:
Change Dir: /home2/caffe/package/opencv-3.0.0/build/CMakeFiles/CMakeTmp

Run Build Command:/usr/bin/gmake "cmTryCompileExec1032536018/fast"
/usr/bin/gmake -f CMakeFiles/cmTryCompileExec1032536018.dir/build.make CMakeFiles/cmTryCompileExec1032536018.dir/build
gmake[1]: 进入目录“/home2/caffe/package/opencv-3.0.0/build/CMakeFiles/CMakeTmp”
/usr/bin/cmake -E cmake_progress_report /home2/caffe/package/opencv-3.0.0/build/CMakeFiles/CMakeTmp/CMakeFiles 1
Building C object CMakeFiles/cmTryCompileExec1032536018.dir/TestEndianess.c.o
/usr/bin/cc   -fsigned-char -W -Wall -Werror=return-type -Werror=non-virtual-dtor -Werror=address -Werror=sequence-point -Wformat -Werror=format-security -Wmissing-declarations -Wmissing-prototypes -Wstrict-prototypes -Wundef -Winit-self -Wpointer-arith -Wshadow -Wno-narrowing -Wno-unnamed-type-template-args -fdiagnostics-show-option -Wno-long-long -pthread -fomit-frame-pointer -msse -msse2 -mno-avx -msse3 -mno-ssse3 -mno-sse4.1 -mno-sse4.2 -ffunction-sections -fvisibility=hidden  -O3 -DNDEBUG   -o CMakeFiles/cmTryCompileExec1032536018.dir/TestEndianess.c.o   -c /home2/caffe/package/opencv-3.0.0/build/CMakeFiles/CMakeTmp/TestEndianess.c
Linking C executable cmTryCompileExec1032536018
/usr/bin/cmake -E cmake_link_script CMakeFiles/cmTryCompileExec1032536018.dir/link.txt --verbose=1
/usr/bin/cc     -fsigned-char -W -Wall -Werror=return-type -Werror=non-virtual-dtor -Werror=address -Werror=sequence-point -Wformat -Werror=format-security -Wmissing-declarations -Wmissing-prototypes -Wstrict-prototypes -Wundef -Winit-self -Wpointer-arith -Wshadow -Wno-narrowing -Wno-unnamed-type-template-args -fdiagnostics-show-option -Wno-long-long -pthread -fomit-frame-pointer -msse -msse2 -mno-avx -msse3 -mno-ssse3 -mno-sse4.1 -mno-sse4.2 -ffunction-sections -fvisibility=hidden  -O3 -DNDEBUG    CMakeFiles/cmTryCompileExec1032536018.dir/TestEndianess.c.o  -o cmTryCompileExec1032536018 -rdynamic 
gmake[1]: 离开目录“/home2/caffe/package/opencv-3.0.0/build/CMakeFiles/CMakeTmp”

TestEndianess.c:
/* A 16 bit integer is required. */
typedef unsigned short cmakeint16;

/* On a little endian machine, these 16bit ints will give "THIS IS LITTLE ENDIAN."
   On a big endian machine the characters will be exchanged pairwise. */
const cmakeint16 info_little[] =  {0x4854, 0x5349, 0x4920, 0x2053, 0x494c, 0x5454, 0x454c, 0x4520, 0x444e, 0x4149, 0x2e4e, 0x0000};

/* on a big endian machine, these 16bit ints will give "THIS IS BIG ENDIAN."
   On a little endian machine the characters will be exchanged pairwise. */
const cmakeint16 info_big[] =     {0x5448, 0x4953, 0x2049, 0x5320, 0x4249, 0x4720, 0x454e, 0x4449, 0x414e, 0x2e2e, 0x0000};

#ifdef __CLASSIC_C__
int main(argc, argv) int argc; char *argv[];
#else
int main(int argc, char *argv[])
#endif
{
  int require = 0;
  require += info_little[argc];
  require += info_big[argc];
  (void)argv;
  return require;
}


Determining if the include file io.h exists failed with the following output:
Change Dir: /home2/caffe/package/opencv-3.0.0/build/CMakeFiles/CMakeTmp

Run Build Command:/usr/bin/gmake "cmTryCompileExec166916140/fast"
/usr/bin/gmake -f CMakeFiles/cmTryCompileExec166916140.dir/build.make CMakeFiles/cmTryCompileExec166916140.dir/build
gmake[1]: 进入目录“/home2/caffe/package/opencv-3.0.0/build/CMakeFiles/CMakeTmp”
/usr/bin/cmake -E cmake_progress_report /home2/caffe/package/opencv-3.0.0/build/CMakeFiles/CMakeTmp/CMakeFiles 1
Building C object CMakeFiles/cmTryCompileExec166916140.dir/CheckIncludeFile.c.o
/usr/bin/cc   -fsigned-char -W -Wall -Werror=return-type -Werror=non-virtual-dtor -Werror=address -Werror=sequence-point -Wformat -Werror=format-security -Wmissing-declarations -Wmissing-prototypes -Wstrict-prototypes -Wundef -Winit-self -Wpointer-arith -Wshadow -Wno-narrowing -Wno-unnamed-type-template-args -fdiagnostics-show-option -Wno-long-long -pthread -fomit-frame-pointer -msse -msse2 -mno-avx -msse3 -mno-ssse3 -mno-sse4.1 -mno-sse4.2 -ffunction-sections -fvisibility=hidden  -O3 -DNDEBUG   -o CMakeFiles/cmTryCompileExec166916140.dir/CheckIncludeFile.c.o   -c /home2/caffe/package/opencv-3.0.0/build/CMakeFiles/CMakeTmp/CheckIncludeFile.c
/home2/caffe/package/opencv-3.0.0/build/CMakeFiles/CMakeTmp/CheckIncludeFile.c:1:16: 致命错误：io.h：没有那个文件或目录
 #include <io.h>
                ^
编译中断。
gmake[1]: 离开目录“/home2/caffe/package/opencv-3.0.0/build/CMakeFiles/CMakeTmp”
gmake[1]: *** [CMakeFiles/cmTryCompileExec166916140.dir/CheckIncludeFile.c.o] 错误 1
gmake: *** [cmTryCompileExec166916140/fast] 错误 2


Determining if the function jbg_newlen exists failed with the following output:
Change Dir: /home2/caffe/package/opencv-3.0.0/build/CMakeFiles/CMakeTmp

Run Build Command:/usr/bin/gmake "cmTryCompileExec2804850207/fast"
/usr/bin/gmake -f CMakeFiles/cmTryCompileExec2804850207.dir/build.make CMakeFiles/cmTryCompileExec2804850207.dir/build
gmake[1]: 进入目录“/home2/caffe/package/opencv-3.0.0/build/CMakeFiles/CMakeTmp”
/usr/bin/cmake -E cmake_progress_report /home2/caffe/package/opencv-3.0.0/build/CMakeFiles/CMakeTmp/CMakeFiles 1
Building C object CMakeFiles/cmTryCompileExec2804850207.dir/CheckFunctionExists.c.o
/usr/bin/cc   -fsigned-char -W -Wall -Werror=return-type -Werror=non-virtual-dtor -Werror=address -Werror=sequence-point -Wformat -Werror=format-security -Wmissing-declarations -Wmissing-prototypes -Wstrict-prototypes -Wundef -Winit-self -Wpointer-arith -Wshadow -Wno-narrowing -Wno-unnamed-type-template-args -fdiagnostics-show-option -Wno-long-long -pthread -fomit-frame-pointer -msse -msse2 -mno-avx -msse3 -mno-ssse3 -mno-sse4.1 -mno-sse4.2 -ffunction-sections -fvisibility=hidden -DCHECK_FUNCTION_EXISTS=jbg_newlen -O3 -DNDEBUG   -o CMakeFiles/cmTryCompileExec2804850207.dir/CheckFunctionExists.c.o   -c /usr/share/cmake/Modules/CheckFunctionExists.c
/usr/share/cmake/Modules/CheckFunctionExists.c:3:1: 警告：函数声明不是一个原型 [-Wstrict-prototypes]
 char CHECK_FUNCTION_EXISTS();
 ^
cc1: 警告：无法识别的命令行选项“-Wno-unnamed-type-template-args” [默认启用]
Linking C executable cmTryCompileExec2804850207
/usr/bin/cmake -E cmake_link_script CMakeFiles/cmTryCompileExec2804850207.dir/link.txt --verbose=1
/usr/bin/cc     -fsigned-char -W -Wall -Werror=return-type -Werror=non-virtual-dtor -Werror=address -Werror=sequence-point -Wformat -Werror=format-security -Wmissing-declarations -Wmissing-prototypes -Wstrict-prototypes -Wundef -Winit-self -Wpointer-arith -Wshadow -Wno-narrowing -Wno-unnamed-type-template-args -fdiagnostics-show-option -Wno-long-long -pthread -fomit-frame-pointer -msse -msse2 -mno-avx -msse3 -mno-ssse3 -mno-sse4.1 -mno-sse4.2 -ffunction-sections -fvisibility=hidden -DCHECK_FUNCTION_EXISTS=jbg_newlen -O3 -DNDEBUG    CMakeFiles/cmTryCompileExec2804850207.dir/CheckFunctionExists.c.o  -o cmTryCompileExec2804850207 -rdynamic 
CMakeFiles/cmTryCompileExec2804850207.dir/CheckFunctionExists.c.o：在函数‘main’中：
CheckFunctionExists.c:(.text.startup.main+0xe)：对‘jbg_newlen’未定义的引用
collect2: 错误：ld 返回 1
gmake[1]: 离开目录“/home2/caffe/package/opencv-3.0.0/build/CMakeFiles/CMakeTmp”
gmake[1]: *** [cmTryCompileExec2804850207] 错误 1
gmake: *** [cmTryCompileExec2804850207/fast] 错误 2


Determining if the include file linux/videodev.h exists failed with the following output:
Change Dir: /home2/caffe/package/opencv-3.0.0/build/CMakeFiles/CMakeTmp

Run Build Command:/usr/bin/gmake "cmTryCompileExec1793286625/fast"
/usr/bin/gmake -f CMakeFiles/cmTryCompileExec1793286625.dir/build.make CMakeFiles/cmTryCompileExec1793286625.dir/build
gmake[1]: 进入目录“/home2/caffe/package/opencv-3.0.0/build/CMakeFiles/CMakeTmp”
/usr/bin/cmake -E cmake_progress_report /home2/caffe/package/opencv-3.0.0/build/CMakeFiles/CMakeTmp/CMakeFiles 1
Building C object CMakeFiles/cmTryCompileExec1793286625.dir/CheckIncludeFile.c.o
/usr/bin/cc   -fsigned-char -W -Wall -Werror=return-type -Werror=non-virtual-dtor -Werror=address -Werror=sequence-point -Wformat -Werror=format-security -Wmissing-declarations -Wmissing-prototypes -Wstrict-prototypes -Wundef -Winit-self -Wpointer-arith -Wshadow -Wno-narrowing -Wno-unnamed-type-template-args -fdiagnostics-show-option -Wno-long-long -pthread -fomit-frame-pointer -msse -msse2 -mno-avx -msse3 -mno-ssse3 -mno-sse4.1 -mno-sse4.2 -ffunction-sections -fvisibility=hidden  -O3 -DNDEBUG   -o CMakeFiles/cmTryCompileExec1793286625.dir/CheckIncludeFile.c.o   -c /home2/caffe/package/opencv-3.0.0/build/CMakeFiles/CMakeTmp/CheckIncludeFile.c
/home2/caffe/package/opencv-3.0.0/build/CMakeFiles/CMakeTmp/CheckIncludeFile.c:1:28: 致命错误：linux/videodev.h：没有那个文件或目录
 #include <linux/videodev.h>
                            ^
编译中断。
gmake[1]: 离开目录“/home2/caffe/package/opencv-3.0.0/build/CMakeFiles/CMakeTmp”
gmake[1]: *** [CMakeFiles/cmTryCompileExec1793286625.dir/CheckIncludeFile.c.o] 错误 1
gmake: *** [cmTryCompileExec1793286625/fast] 错误 2


Determining if the include file sys/videoio.h exists failed with the following output:
Change Dir: /home2/caffe/package/opencv-3.0.0/build/CMakeFiles/CMakeTmp

Run Build Command:/usr/bin/gmake "cmTryCompileExec3069807211/fast"
/usr/bin/gmake -f CMakeFiles/cmTryCompileExec3069807211.dir/build.make CMakeFiles/cmTryCompileExec3069807211.dir/build
gmake[1]: 进入目录“/home2/caffe/package/opencv-3.0.0/build/CMakeFiles/CMakeTmp”
/usr/bin/cmake -E cmake_progress_report /home2/caffe/package/opencv-3.0.0/build/CMakeFiles/CMakeTmp/CMakeFiles 1
Building C object CMakeFiles/cmTryCompileExec3069807211.dir/CheckIncludeFile.c.o
/usr/bin/cc   -fsigned-char -W -Wall -Werror=return-type -Werror=non-virtual-dtor -Werror=address -Werror=sequence-point -Wformat -Werror=format-security -Wmissing-declarations -Wmissing-prototypes -Wstrict-prototypes -Wundef -Winit-self -Wpointer-arith -Wshadow -Wno-narrowing -Wno-unnamed-type-template-args -fdiagnostics-show-option -Wno-long-long -pthread -fomit-frame-pointer -msse -msse2 -mno-avx -msse3 -mno-ssse3 -mno-sse4.1 -mno-sse4.2 -ffunction-sections -fvisibility=hidden  -O3 -DNDEBUG   -o CMakeFiles/cmTryCompileExec3069807211.dir/CheckIncludeFile.c.o   -c /home2/caffe/package/opencv-3.0.0/build/CMakeFiles/CMakeTmp/CheckIncludeFile.c
/home2/caffe/package/opencv-3.0.0/build/CMakeFiles/CMakeTmp/CheckIncludeFile.c:1:25: 致命错误：sys/videoio.h：没有那个文件或目录
 #include <sys/videoio.h>
                         ^
编译中断。
gmake[1]: 离开目录“/home2/caffe/package/opencv-3.0.0/build/CMakeFiles/CMakeTmp”
gmake[1]: *** [CMakeFiles/cmTryCompileExec3069807211.dir/CheckIncludeFile.c.o] 错误 1
gmake: *** [cmTryCompileExec3069807211/fast] 错误 2


Determining if the include file libavformat/avformat.h exists failed with the following output:
Change Dir: /home2/caffe/package/opencv-3.0.0/build/CMakeFiles/CMakeTmp

Run Build Command:/usr/bin/gmake "cmTryCompileExec3835093466/fast"
/usr/bin/gmake -f CMakeFiles/cmTryCompileExec3835093466.dir/build.make CMakeFiles/cmTryCompileExec3835093466.dir/build
gmake[1]: 进入目录“/home2/caffe/package/opencv-3.0.0/build/CMakeFiles/CMakeTmp”
/usr/bin/cmake -E cmake_progress_report /home2/caffe/package/opencv-3.0.0/build/CMakeFiles/CMakeTmp/CMakeFiles 1
Building C object CMakeFiles/cmTryCompileExec3835093466.dir/CheckIncludeFile.c.o
/usr/bin/cc   -fsigned-char -W -Wall -Werror=return-type -Werror=non-virtual-dtor -Werror=address -Werror=sequence-point -Wformat -Werror=format-security -Wmissing-declarations -Wmissing-prototypes -Wstrict-prototypes -Wundef -Winit-self -Wpointer-arith -Wshadow -Wno-narrowing -Wno-unnamed-type-template-args -fdiagnostics-show-option -Wno-long-long -pthread -fomit-frame-pointer -msse -msse2 -mno-avx -msse3 -mno-ssse3 -mno-sse4.1 -mno-sse4.2 -ffunction-sections -fvisibility=hidden  -O3 -DNDEBUG   -o CMakeFiles/cmTryCompileExec3835093466.dir/CheckIncludeFile.c.o   -c /home2/caffe/package/opencv-3.0.0/build/CMakeFiles/CMakeTmp/CheckIncludeFile.c
/home2/caffe/package/opencv-3.0.0/build/CMakeFiles/CMakeTmp/CheckIncludeFile.c:1:34: 致命错误：libavformat/avformat.h：没有那个文件或目录
 #include <libavformat/avformat.h>
                                  ^
编译中断。
gmake[1]: 离开目录“/home2/caffe/package/opencv-3.0.0/build/CMakeFiles/CMakeTmp”
gmake[1]: *** [CMakeFiles/cmTryCompileExec3835093466.dir/CheckIncludeFile.c.o] 错误 1
gmake: *** [cmTryCompileExec3835093466/fast] 错误 2


Determining if the include file ffmpeg/avformat.h exists failed with the following output:
Change Dir: /home2/caffe/package/opencv-3.0.0/build/CMakeFiles/CMakeTmp

Run Build Command:/usr/bin/gmake "cmTryCompileExec3021983510/fast"
/usr/bin/gmake -f CMakeFiles/cmTryCompileExec3021983510.dir/build.make CMakeFiles/cmTryCompileExec3021983510.dir/build
gmake[1]: 进入目录“/home2/caffe/package/opencv-3.0.0/build/CMakeFiles/CMakeTmp”
/usr/bin/cmake -E cmake_progress_report /home2/caffe/package/opencv-3.0.0/build/CMakeFiles/CMakeTmp/CMakeFiles 1
Building C object CMakeFiles/cmTryCompileExec3021983510.dir/CheckIncludeFile.c.o
/usr/bin/cc   -fsigned-char -W -Wall -Werror=return-type -Werror=non-virtual-dtor -Werror=address -Werror=sequence-point -Wformat -Werror=format-security -Wmissing-declarations -Wmissing-prototypes -Wstrict-prototypes -Wundef -Winit-self -Wpointer-arith -Wshadow -Wno-narrowing -Wno-unnamed-type-template-args -fdiagnostics-show-option -Wno-long-long -pthread -fomit-frame-pointer -msse -msse2 -mno-avx -msse3 -mno-ssse3 -mno-sse4.1 -mno-sse4.2 -ffunction-sections -fvisibility=hidden  -O3 -DNDEBUG   -o CMakeFiles/cmTryCompileExec3021983510.dir/CheckIncludeFile.c.o   -c /home2/caffe/package/opencv-3.0.0/build/CMakeFiles/CMakeTmp/CheckIncludeFile.c
/home2/caffe/package/opencv-3.0.0/build/CMakeFiles/CMakeTmp/CheckIncludeFile.c:1:29: 致命错误：ffmpeg/avformat.h：没有那个文件或目录
 #include <ffmpeg/avformat.h>
                             ^
编译中断。
gmake[1]: 离开目录“/home2/caffe/package/opencv-3.0.0/build/CMakeFiles/CMakeTmp”
gmake[1]: *** [CMakeFiles/cmTryCompileExec3021983510.dir/CheckIncludeFile.c.o] 错误 1
gmake: *** [cmTryCompileExec3021983510/fast] 错误 2


Determining if the include file linux/videodev.h exists failed with the following output:
Change Dir: /home2/caffe/package/opencv-3.0.0/build/CMakeFiles/CMakeTmp

Run Build Command:/usr/bin/gmake "cmTryCompileExec1471895980/fast"
/usr/bin/gmake -f CMakeFiles/cmTryCompileExec1471895980.dir/build.make CMakeFiles/cmTryCompileExec1471895980.dir/build
gmake[1]: 进入目录“/home2/caffe/package/opencv-3.0.0/build/CMakeFiles/CMakeTmp”
/usr/bin/cmake -E cmake_progress_report /home2/caffe/package/opencv-3.0.0/build/CMakeFiles/CMakeTmp/CMakeFiles 1
Building C object CMakeFiles/cmTryCompileExec1471895980.dir/CheckIncludeFile.c.o
/usr/bin/cc   -fsigned-char -W -Wall -Werror=return-type -Werror=non-virtual-dtor -Werror=address -Werror=sequence-point -Wformat -Werror=format-security -Wmissing-declarations -Wmissing-prototypes -Wstrict-prototypes -Wundef -Winit-self -Wpointer-arith -Wshadow -Wno-narrowing -Wno-unnamed-type-template-args -fdiagnostics-show-option -Wno-long-long -pthread -fomit-frame-pointer -msse -msse2 -mno-avx -msse3 -mno-ssse3 -mno-sse4.1 -mno-sse4.2 -ffunction-sections -fvisibility=hidden  -O3 -DNDEBUG   -o CMakeFiles/cmTryCompileExec1471895980.dir/CheckIncludeFile.c.o   -c /home2/caffe/package/opencv-3.0.0/build/CMakeFiles/CMakeTmp/CheckIncludeFile.c
/home2/caffe/package/opencv-3.0.0/build/CMakeFiles/CMakeTmp/CheckIncludeFile.c:1:28: 致命错误：linux/videodev.h：没有那个文件或目录
 #include <linux/videodev.h>
                            ^
编译中断。
gmake[1]: 离开目录“/home2/caffe/package/opencv-3.0.0/build/CMakeFiles/CMakeTmp”
gmake[1]: *** [CMakeFiles/cmTryCompileExec1471895980.dir/CheckIncludeFile.c.o] 错误 1
gmake: *** [cmTryCompileExec1471895980/fast] 错误 2


Determining if the include file sys/videoio.h exists failed with the following output:
Change Dir: /home2/caffe/package/opencv-3.0.0/build/CMakeFiles/CMakeTmp

Run Build Command:/usr/bin/gmake "cmTryCompileExec3174168695/fast"
/usr/bin/gmake -f CMakeFiles/cmTryCompileExec3174168695.dir/build.make CMakeFiles/cmTryCompileExec3174168695.dir/build
gmake[1]: 进入目录“/home2/caffe/package/opencv-3.0.0/build/CMakeFiles/CMakeTmp”
/usr/bin/cmake -E cmake_progress_report /home2/caffe/package/opencv-3.0.0/build/CMakeFiles/CMakeTmp/CMakeFiles 1
Building C object CMakeFiles/cmTryCompileExec3174168695.dir/CheckIncludeFile.c.o
/usr/bin/cc   -fsigned-char -W -Wall -Werror=return-type -Werror=non-virtual-dtor -Werror=address -Werror=sequence-point -Wformat -Werror=format-security -Wmissing-declarations -Wmissing-prototypes -Wstrict-prototypes -Wundef -Winit-self -Wpointer-arith -Wshadow -Wno-narrowing -Wno-unnamed-type-template-args -fdiagnostics-show-option -Wno-long-long -pthread -fomit-frame-pointer -msse -msse2 -mno-avx -msse3 -mno-ssse3 -mno-sse4.1 -mno-sse4.2 -ffunction-sections -fvisibility=hidden  -O3 -DNDEBUG   -o CMakeFiles/cmTryCompileExec3174168695.dir/CheckIncludeFile.c.o   -c /home2/caffe/package/opencv-3.0.0/build/CMakeFiles/CMakeTmp/CheckIncludeFile.c
/home2/caffe/package/opencv-3.0.0/build/CMakeFiles/CMakeTmp/CheckIncludeFile.c:1:25: 致命错误：sys/videoio.h：没有那个文件或目录
 #include <sys/videoio.h>
                         ^
编译中断。
gmake[1]: 离开目录“/home2/caffe/package/opencv-3.0.0/build/CMakeFiles/CMakeTmp”
gmake[1]: *** [CMakeFiles/cmTryCompileExec3174168695.dir/CheckIncludeFile.c.o] 错误 1
gmake: *** [cmTryCompileExec3174168695/fast] 错误 2


Determining if the include file libavformat/avformat.h exists failed with the following output:
Change Dir: /home2/caffe/package/opencv-3.0.0/build/CMakeFiles/CMakeTmp

Run Build Command:/usr/bin/gmake "cmTryCompileExec1245759704/fast"
/usr/bin/gmake -f CMakeFiles/cmTryCompileExec1245759704.dir/build.make CMakeFiles/cmTryCompileExec1245759704.dir/build
gmake[1]: 进入目录“/home2/caffe/package/opencv-3.0.0/build/CMakeFiles/CMakeTmp”
/usr/bin/cmake -E cmake_progress_report /home2/caffe/package/opencv-3.0.0/build/CMakeFiles/CMakeTmp/CMakeFiles 1
Building C object CMakeFiles/cmTryCompileExec1245759704.dir/CheckIncludeFile.c.o
/usr/bin/cc   -fsigned-char -W -Wall -Werror=return-type -Werror=non-virtual-dtor -Werror=address -Werror=sequence-point -Wformat -Werror=format-security -Wmissing-declarations -Wmissing-prototypes -Wstrict-prototypes -Wundef -Winit-self -Wpointer-arith -Wshadow -Wno-narrowing -Wno-unnamed-type-template-args -fdiagnostics-show-option -Wno-long-long -pthread -fomit-frame-pointer -msse -msse2 -mno-avx -msse3 -mno-ssse3 -mno-sse4.1 -mno-sse4.2 -ffunction-sections -fvisibility=hidden  -O3 -DNDEBUG   -o CMakeFiles/cmTryCompileExec1245759704.dir/CheckIncludeFile.c.o   -c /home2/caffe/package/opencv-3.0.0/build/CMakeFiles/CMakeTmp/CheckIncludeFile.c
/home2/caffe/package/opencv-3.0.0/build/CMakeFiles/CMakeTmp/CheckIncludeFile.c:1:34: 致命错误：libavformat/avformat.h：没有那个文件或目录
 #include <libavformat/avformat.h>
                                  ^
编译中断。
gmake[1]: 离开目录“/home2/caffe/package/opencv-3.0.0/build/CMakeFiles/CMakeTmp”
gmake[1]: *** [CMakeFiles/cmTryCompileExec1245759704.dir/CheckIncludeFile.c.o] 错误 1
gmake: *** [cmTryCompileExec1245759704/fast] 错误 2


Determining if the include file ffmpeg/avformat.h exists failed with the following output:
Change Dir: /home2/caffe/package/opencv-3.0.0/build/CMakeFiles/CMakeTmp

Run Build Command:/usr/bin/gmake "cmTryCompileExec2999859239/fast"
/usr/bin/gmake -f CMakeFiles/cmTryCompileExec2999859239.dir/build.make CMakeFiles/cmTryCompileExec2999859239.dir/build
gmake[1]: 进入目录“/home2/caffe/package/opencv-3.0.0/build/CMakeFiles/CMakeTmp”
/usr/bin/cmake -E cmake_progress_report /home2/caffe/package/opencv-3.0.0/build/CMakeFiles/CMakeTmp/CMakeFiles 1
Building C object CMakeFiles/cmTryCompileExec2999859239.dir/CheckIncludeFile.c.o
/usr/bin/cc   -fsigned-char -W -Wall -Werror=return-type -Werror=non-virtual-dtor -Werror=address -Werror=sequence-point -Wformat -Werror=format-security -Wmissing-declarations -Wmissing-prototypes -Wstrict-prototypes -Wundef -Winit-self -Wpointer-arith -Wshadow -Wno-narrowing -Wno-unnamed-type-template-args -fdiagnostics-show-option -Wno-long-long -pthread -fomit-frame-pointer -msse -msse2 -mno-avx -msse3 -mno-ssse3 -mno-sse4.1 -mno-sse4.2 -ffunction-sections -fvisibility=hidden  -O3 -DNDEBUG   -o CMakeFiles/cmTryCompileExec2999859239.dir/CheckIncludeFile.c.o   -c /home2/caffe/package/opencv-3.0.0/build/CMakeFiles/CMakeTmp/CheckIncludeFile.c
/home2/caffe/package/opencv-3.0.0/build/CMakeFiles/CMakeTmp/CheckIncludeFile.c:1:29: 致命错误：ffmpeg/avformat.h：没有那个文件或目录
 #include <ffmpeg/avformat.h>
                             ^
编译中断。
gmake[1]: 离开目录“/home2/caffe/package/opencv-3.0.0/build/CMakeFiles/CMakeTmp”
gmake[1]: *** [CMakeFiles/cmTryCompileExec2999859239.dir/CheckIncludeFile.c.o] 错误 1
gmake: *** [cmTryCompileExec2999859239/fast] 错误 2


Determining if the include file linux/videodev.h exists failed with the following output:
Change Dir: /home2/caffe/package/opencv-3.0.0/build/CMakeFiles/CMakeTmp

Run Build Command:/usr/bin/gmake "cmTryCompileExec4072534713/fast"
/usr/bin/gmake -f CMakeFiles/cmTryCompileExec4072534713.dir/build.make CMakeFiles/cmTryCompileExec4072534713.dir/build
gmake[1]: 进入目录“/home2/caffe/package/opencv-3.0.0/build/CMakeFiles/CMakeTmp”
/usr/bin/cmake -E cmake_progress_report /home2/caffe/package/opencv-3.0.0/build/CMakeFiles/CMakeTmp/CMakeFiles 1
Building C object CMakeFiles/cmTryCompileExec4072534713.dir/CheckIncludeFile.c.o
/usr/bin/cc   -fsigned-char -W -Wall -Werror=return-type -Werror=non-virtual-dtor -Werror=address -Werror=sequence-point -Wformat -Werror=format-security -Wmissing-declarations -Wmissing-prototypes -Wstrict-prototypes -Wundef -Winit-self -Wpointer-arith -Wshadow -Wno-narrowing -Wno-unnamed-type-template-args -fdiagnostics-show-option -Wno-long-long -pthread -fomit-frame-pointer -msse -msse2 -mno-avx -msse3 -mno-ssse3 -mno-sse4.1 -mno-sse4.2 -ffunction-sections -fvisibility=hidden  -O3 -DNDEBUG   -o CMakeFiles/cmTryCompileExec4072534713.dir/CheckIncludeFile.c.o   -c /home2/caffe/package/opencv-3.0.0/build/CMakeFiles/CMakeTmp/CheckIncludeFile.c
/home2/caffe/package/opencv-3.0.0/build/CMakeFiles/CMakeTmp/CheckIncludeFile.c:1:28: 致命错误：linux/videodev.h：没有那个文件或目录
 #include <linux/videodev.h>
                            ^
编译中断。
gmake[1]: 离开目录“/home2/caffe/package/opencv-3.0.0/build/CMakeFiles/CMakeTmp”
gmake[1]: *** [CMakeFiles/cmTryCompileExec4072534713.dir/CheckIncludeFile.c.o] 错误 1
gmake: *** [cmTryCompileExec4072534713/fast] 错误 2


Determining if the include file sys/videoio.h exists failed with the following output:
Change Dir: /home2/caffe/package/opencv-3.0.0/build/CMakeFiles/CMakeTmp

Run Build Command:/usr/bin/gmake "cmTryCompileExec4273791067/fast"
/usr/bin/gmake -f CMakeFiles/cmTryCompileExec4273791067.dir/build.make CMakeFiles/cmTryCompileExec4273791067.dir/build
gmake[1]: 进入目录“/home2/caffe/package/opencv-3.0.0/build/CMakeFiles/CMakeTmp”
/usr/bin/cmake -E cmake_progress_report /home2/caffe/package/opencv-3.0.0/build/CMakeFiles/CMakeTmp/CMakeFiles 1
Building C object CMakeFiles/cmTryCompileExec4273791067.dir/CheckIncludeFile.c.o
/usr/bin/cc   -fsigned-char -W -Wall -Werror=return-type -Werror=non-virtual-dtor -Werror=address -Werror=sequence-point -Wformat -Werror=format-security -Wmissing-declarations -Wmissing-prototypes -Wstrict-prototypes -Wundef -Winit-self -Wpointer-arith -Wshadow -Wno-narrowing -Wno-unnamed-type-template-args -fdiagnostics-show-option -Wno-long-long -pthread -fomit-frame-pointer -msse -msse2 -mno-avx -msse3 -mno-ssse3 -mno-sse4.1 -mno-sse4.2 -ffunction-sections -fvisibility=hidden  -O3 -DNDEBUG   -o CMakeFiles/cmTryCompileExec4273791067.dir/CheckIncludeFile.c.o   -c /home2/caffe/package/opencv-3.0.0/build/CMakeFiles/CMakeTmp/CheckIncludeFile.c
/home2/caffe/package/opencv-3.0.0/build/CMakeFiles/CMakeTmp/CheckIncludeFile.c:1:25: 致命错误：sys/videoio.h：没有那个文件或目录
 #include <sys/videoio.h>
                         ^
编译中断。
gmake[1]: 离开目录“/home2/caffe/package/opencv-3.0.0/build/CMakeFiles/CMakeTmp”
gmake[1]: *** [CMakeFiles/cmTryCompileExec4273791067.dir/CheckIncludeFile.c.o] 错误 1
gmake: *** [cmTryCompileExec4273791067/fast] 错误 2


Determining if the include file libavformat/avformat.h exists failed with the following output:
Change Dir: /home2/caffe/package/opencv-3.0.0/build/CMakeFiles/CMakeTmp

Run Build Command:/usr/bin/gmake "cmTryCompileExec3494513777/fast"
/usr/bin/gmake -f CMakeFiles/cmTryCompileExec3494513777.dir/build.make CMakeFiles/cmTryCompileExec3494513777.dir/build
gmake[1]: 进入目录“/home2/caffe/package/opencv-3.0.0/build/CMakeFiles/CMakeTmp”
/usr/bin/cmake -E cmake_progress_report /home2/caffe/package/opencv-3.0.0/build/CMakeFiles/CMakeTmp/CMakeFiles 1
Building C object CMakeFiles/cmTryCompileExec3494513777.dir/CheckIncludeFile.c.o
/usr/bin/cc   -fsigned-char -W -Wall -Werror=return-type -Werror=non-virtual-dtor -Werror=address -Werror=sequence-point -Wformat -Werror=format-security -Wmissing-declarations -Wmissing-prototypes -Wstrict-prototypes -Wundef -Winit-self -Wpointer-arith -Wshadow -Wno-narrowing -Wno-unnamed-type-template-args -fdiagnostics-show-option -Wno-long-long -pthread -fomit-frame-pointer -msse -msse2 -mno-avx -msse3 -mno-ssse3 -mno-sse4.1 -mno-sse4.2 -ffunction-sections -fvisibility=hidden  -O3 -DNDEBUG   -o CMakeFiles/cmTryCompileExec3494513777.dir/CheckIncludeFile.c.o   -c /home2/caffe/package/opencv-3.0.0/build/CMakeFiles/CMakeTmp/CheckIncludeFile.c
/home2/caffe/package/opencv-3.0.0/build/CMakeFiles/CMakeTmp/CheckIncludeFile.c:1:34: 致命错误：libavformat/avformat.h：没有那个文件或目录
 #include <libavformat/avformat.h>
                                  ^
编译中断。
gmake[1]: 离开目录“/home2/caffe/package/opencv-3.0.0/build/CMakeFiles/CMakeTmp”
gmake[1]: *** [CMakeFiles/cmTryCompileExec3494513777.dir/CheckIncludeFile.c.o] 错误 1
gmake: *** [cmTryCompileExec3494513777/fast] 错误 2


Determining if the include file ffmpeg/avformat.h exists failed with the following output:
Change Dir: /home2/caffe/package/opencv-3.0.0/build/CMakeFiles/CMakeTmp

Run Build Command:/usr/bin/gmake "cmTryCompileExec593694679/fast"
/usr/bin/gmake -f CMakeFiles/cmTryCompileExec593694679.dir/build.make CMakeFiles/cmTryCompileExec593694679.dir/build
gmake[1]: 进入目录“/home2/caffe/package/opencv-3.0.0/build/CMakeFiles/CMakeTmp”
/usr/bin/cmake -E cmake_progress_report /home2/caffe/package/opencv-3.0.0/build/CMakeFiles/CMakeTmp/CMakeFiles 1
Building C object CMakeFiles/cmTryCompileExec593694679.dir/CheckIncludeFile.c.o
/usr/bin/cc   -fsigned-char -W -Wall -Werror=return-type -Werror=non-virtual-dtor -Werror=address -Werror=sequence-point -Wformat -Werror=format-security -Wmissing-declarations -Wmissing-prototypes -Wstrict-prototypes -Wundef -Winit-self -Wpointer-arith -Wshadow -Wno-narrowing -Wno-unnamed-type-template-args -fdiagnostics-show-option -Wno-long-long -pthread -fomit-frame-pointer -msse -msse2 -mno-avx -msse3 -mno-ssse3 -mno-sse4.1 -mno-sse4.2 -ffunction-sections -fvisibility=hidden  -O3 -DNDEBUG   -o CMakeFiles/cmTryCompileExec593694679.dir/CheckIncludeFile.c.o   -c /home2/caffe/package/opencv-3.0.0/build/CMakeFiles/CMakeTmp/CheckIncludeFile.c
/home2/caffe/package/opencv-3.0.0/build/CMakeFiles/CMakeTmp/CheckIncludeFile.c:1:29: 致命错误：ffmpeg/avformat.h：没有那个文件或目录
 #include <ffmpeg/avformat.h>
                             ^
编译中断。
gmake[1]: 离开目录“/home2/caffe/package/opencv-3.0.0/build/CMakeFiles/CMakeTmp”
gmake[1]: *** [CMakeFiles/cmTryCompileExec593694679.dir/CheckIncludeFile.c.o] 错误 1
gmake: *** [cmTryCompileExec593694679/fast] 错误 2


Determining if the include file linux/videodev.h exists failed with the following output:
Change Dir: /home2/caffe/package/opencv-3.0.0/build/CMakeFiles/CMakeTmp

Run Build Command:/usr/bin/gmake "cmTryCompileExec3098250540/fast"
/usr/bin/gmake -f CMakeFiles/cmTryCompileExec3098250540.dir/build.make CMakeFiles/cmTryCompileExec3098250540.dir/build
gmake[1]: 进入目录“/home2/caffe/package/opencv-3.0.0/build/CMakeFiles/CMakeTmp”
/usr/bin/cmake -E cmake_progress_report /home2/caffe/package/opencv-3.0.0/build/CMakeFiles/CMakeTmp/CMakeFiles 1
Building C object CMakeFiles/cmTryCompileExec3098250540.dir/CheckIncludeFile.c.o
/usr/bin/cc   -fsigned-char -W -Wall -Werror=return-type -Werror=non-virtual-dtor -Werror=address -Werror=sequence-point -Wformat -Werror=format-security -Wmissing-declarations -Wmissing-prototypes -Wstrict-prototypes -Wundef -Winit-self -Wpointer-arith -Wshadow -Wno-narrowing -Wno-unnamed-type-template-args -fdiagnostics-show-option -Wno-long-long -pthread -fomit-frame-pointer -msse -msse2 -mno-avx -msse3 -mno-ssse3 -mno-sse4.1 -mno-sse4.2 -ffunction-sections -fvisibility=hidden  -O3 -DNDEBUG   -o CMakeFiles/cmTryCompileExec3098250540.dir/CheckIncludeFile.c.o   -c /home2/caffe/package/opencv-3.0.0/build/CMakeFiles/CMakeTmp/CheckIncludeFile.c
/home2/caffe/package/opencv-3.0.0/build/CMakeFiles/CMakeTmp/CheckIncludeFile.c:1:28: 致命错误：linux/videodev.h：没有那个文件或目录
 #include <linux/videodev.h>
                            ^
编译中断。
gmake[1]: 离开目录“/home2/caffe/package/opencv-3.0.0/build/CMakeFiles/CMakeTmp”
gmake[1]: *** [CMakeFiles/cmTryCompileExec3098250540.dir/CheckIncludeFile.c.o] 错误 1
gmake: *** [cmTryCompileExec3098250540/fast] 错误 2


Determining if the include file sys/videoio.h exists failed with the following output:
Change Dir: /home2/caffe/package/opencv-3.0.0/build/CMakeFiles/CMakeTmp

Run Build Command:/usr/bin/gmake "cmTryCompileExec4119704/fast"
/usr/bin/gmake -f CMakeFiles/cmTryCompileExec4119704.dir/build.make CMakeFiles/cmTryCompileExec4119704.dir/build
gmake[1]: 进入目录“/home2/caffe/package/opencv-3.0.0/build/CMakeFiles/CMakeTmp”
/usr/bin/cmake -E cmake_progress_report /home2/caffe/package/opencv-3.0.0/build/CMakeFiles/CMakeTmp/CMakeFiles 1
Building C object CMakeFiles/cmTryCompileExec4119704.dir/CheckIncludeFile.c.o
/usr/bin/cc   -fsigned-char -W -Wall -Werror=return-type -Werror=non-virtual-dtor -Werror=address -Werror=sequence-point -Wformat -Werror=format-security -Wmissing-declarations -Wmissing-prototypes -Wstrict-prototypes -Wundef -Winit-self -Wpointer-arith -Wshadow -Wno-narrowing -Wno-unnamed-type-template-args -fdiagnostics-show-option -Wno-long-long -pthread -fomit-frame-pointer -msse -msse2 -mno-avx -msse3 -mno-ssse3 -mno-sse4.1 -mno-sse4.2 -ffunction-sections -fvisibility=hidden  -O3 -DNDEBUG   -o CMakeFiles/cmTryCompileExec4119704.dir/CheckIncludeFile.c.o   -c /home2/caffe/package/opencv-3.0.0/build/CMakeFiles/CMakeTmp/CheckIncludeFile.c
/home2/caffe/package/opencv-3.0.0/build/CMakeFiles/CMakeTmp/CheckIncludeFile.c:1:25: 致命错误：sys/videoio.h：没有那个文件或目录
 #include <sys/videoio.h>
                         ^
编译中断。
gmake[1]: 离开目录“/home2/caffe/package/opencv-3.0.0/build/CMakeFiles/CMakeTmp”
gmake[1]: *** [CMakeFiles/cmTryCompileExec4119704.dir/CheckIncludeFile.c.o] 错误 1
gmake: *** [cmTryCompileExec4119704/fast] 错误 2


Determining if the include file libavformat/avformat.h exists failed with the following output:
Change Dir: /home2/caffe/package/opencv-3.0.0/build/CMakeFiles/CMakeTmp

Run Build Command:/usr/bin/gmake "cmTryCompileExec2896711096/fast"
/usr/bin/gmake -f CMakeFiles/cmTryCompileExec2896711096.dir/build.make CMakeFiles/cmTryCompileExec2896711096.dir/build
gmake[1]: 进入目录“/home2/caffe/package/opencv-3.0.0/build/CMakeFiles/CMakeTmp”
/usr/bin/cmake -E cmake_progress_report /home2/caffe/package/opencv-3.0.0/build/CMakeFiles/CMakeTmp/CMakeFiles 1
Building C object CMakeFiles/cmTryCompileExec2896711096.dir/CheckIncludeFile.c.o
/usr/bin/cc   -fsigned-char -W -Wall -Werror=return-type -Werror=non-virtual-dtor -Werror=address -Werror=sequence-point -Wformat -Werror=format-security -Wmissing-declarations -Wmissing-prototypes -Wstrict-prototypes -Wundef -Winit-self -Wpointer-arith -Wshadow -Wno-narrowing -Wno-unnamed-type-template-args -fdiagnostics-show-option -Wno-long-long -pthread -fomit-frame-pointer -msse -msse2 -mno-avx -msse3 -mno-ssse3 -mno-sse4.1 -mno-sse4.2 -ffunction-sections -fvisibility=hidden  -O3 -DNDEBUG   -o CMakeFiles/cmTryCompileExec2896711096.dir/CheckIncludeFile.c.o   -c /home2/caffe/package/opencv-3.0.0/build/CMakeFiles/CMakeTmp/CheckIncludeFile.c
/home2/caffe/package/opencv-3.0.0/build/CMakeFiles/CMakeTmp/CheckIncludeFile.c:1:34: 致命错误：libavformat/avformat.h：没有那个文件或目录
 #include <libavformat/avformat.h>
                                  ^
编译中断。
gmake[1]: 离开目录“/home2/caffe/package/opencv-3.0.0/build/CMakeFiles/CMakeTmp”
gmake[1]: *** [CMakeFiles/cmTryCompileExec2896711096.dir/CheckIncludeFile.c.o] 错误 1
gmake: *** [cmTryCompileExec2896711096/fast] 错误 2


Determining if the include file ffmpeg/avformat.h exists failed with the following output:
Change Dir: /home2/caffe/package/opencv-3.0.0/build/CMakeFiles/CMakeTmp

Run Build Command:/usr/bin/gmake "cmTryCompileExec2168313854/fast"
/usr/bin/gmake -f CMakeFiles/cmTryCompileExec2168313854.dir/build.make CMakeFiles/cmTryCompileExec2168313854.dir/build
gmake[1]: 进入目录“/home2/caffe/package/opencv-3.0.0/build/CMakeFiles/CMakeTmp”
/usr/bin/cmake -E cmake_progress_report /home2/caffe/package/opencv-3.0.0/build/CMakeFiles/CMakeTmp/CMakeFiles 1
Building C object CMakeFiles/cmTryCompileExec2168313854.dir/CheckIncludeFile.c.o
/usr/bin/cc   -fsigned-char -W -Wall -Werror=return-type -Werror=non-virtual-dtor -Werror=address -Werror=sequence-point -Wformat -Werror=format-security -Wmissing-declarations -Wmissing-prototypes -Wstrict-prototypes -Wundef -Winit-self -Wpointer-arith -Wshadow -Wno-narrowing -Wno-unnamed-type-template-args -fdiagnostics-show-option -Wno-long-long -pthread -fomit-frame-pointer -msse -msse2 -mno-avx -msse3 -mno-ssse3 -mno-sse4.1 -mno-sse4.2 -ffunction-sections -fvisibility=hidden  -O3 -DNDEBUG   -o CMakeFiles/cmTryCompileExec2168313854.dir/CheckIncludeFile.c.o   -c /home2/caffe/package/opencv-3.0.0/build/CMakeFiles/CMakeTmp/CheckIncludeFile.c
/home2/caffe/package/opencv-3.0.0/build/CMakeFiles/CMakeTmp/CheckIncludeFile.c:1:29: 致命错误：ffmpeg/avformat.h：没有那个文件或目录
 #include <ffmpeg/avformat.h>
                             ^
编译中断。
gmake[1]: 离开目录“/home2/caffe/package/opencv-3.0.0/build/CMakeFiles/CMakeTmp”
gmake[1]: *** [CMakeFiles/cmTryCompileExec2168313854.dir/CheckIncludeFile.c.o] 错误 1
gmake: *** [cmTryCompileExec2168313854/fast] 错误 2


Determining if the include file linux/videodev.h exists failed with the following output:
Change Dir: /home2/caffe/package/opencv-3.0.0/build/CMakeFiles/CMakeTmp

Run Build Command:/usr/bin/gmake "cmTryCompileExec866637552/fast"
/usr/bin/gmake -f CMakeFiles/cmTryCompileExec866637552.dir/build.make CMakeFiles/cmTryCompileExec866637552.dir/build
gmake[1]: 进入目录“/home2/caffe/package/opencv-3.0.0/build/CMakeFiles/CMakeTmp”
/usr/bin/cmake -E cmake_progress_report /home2/caffe/package/opencv-3.0.0/build/CMakeFiles/CMakeTmp/CMakeFiles 1
Building C object CMakeFiles/cmTryCompileExec866637552.dir/CheckIncludeFile.c.o
/usr/bin/cc   -fsigned-char -W -Wall -Werror=return-type -Werror=non-virtual-dtor -Werror=address -Werror=sequence-point -Wformat -Werror=format-security -Wmissing-declarations -Wmissing-prototypes -Wstrict-prototypes -Wundef -Winit-self -Wpointer-arith -Wshadow -Wno-narrowing -Wno-unnamed-type-template-args -fdiagnostics-show-option -Wno-long-long -pthread -fomit-frame-pointer -msse -msse2 -mno-avx -msse3 -mno-ssse3 -mno-sse4.1 -mno-sse4.2 -ffunction-sections -fvisibility=hidden  -O3 -DNDEBUG   -o CMakeFiles/cmTryCompileExec866637552.dir/CheckIncludeFile.c.o   -c /home2/caffe/package/opencv-3.0.0/build/CMakeFiles/CMakeTmp/CheckIncludeFile.c
/home2/caffe/package/opencv-3.0.0/build/CMakeFiles/CMakeTmp/CheckIncludeFile.c:1:28: 致命错误：linux/videodev.h：没有那个文件或目录
 #include <linux/videodev.h>
                            ^
编译中断。
gmake[1]: 离开目录“/home2/caffe/package/opencv-3.0.0/build/CMakeFiles/CMakeTmp”
gmake[1]: *** [CMakeFiles/cmTryCompileExec866637552.dir/CheckIncludeFile.c.o] 错误 1
gmake: *** [cmTryCompileExec866637552/fast] 错误 2


Determining if the include file sys/videoio.h exists failed with the following output:
Change Dir: /home2/caffe/package/opencv-3.0.0/build/CMakeFiles/CMakeTmp

Run Build Command:/usr/bin/gmake "cmTryCompileExec4254358037/fast"
/usr/bin/gmake -f CMakeFiles/cmTryCompileExec4254358037.dir/build.make CMakeFiles/cmTryCompileExec4254358037.dir/build
gmake[1]: 进入目录“/home2/caffe/package/opencv-3.0.0/build/CMakeFiles/CMakeTmp”
/usr/bin/cmake -E cmake_progress_report /home2/caffe/package/opencv-3.0.0/build/CMakeFiles/CMakeTmp/CMakeFiles 1
Building C object CMakeFiles/cmTryCompileExec4254358037.dir/CheckIncludeFile.c.o
/usr/bin/cc   -fsigned-char -W -Wall -Werror=return-type -Werror=non-virtual-dtor -Werror=address -Werror=sequence-point -Wformat -Werror=format-security -Wmissing-declarations -Wmissing-prototypes -Wstrict-prototypes -Wundef -Winit-self -Wpointer-arith -Wshadow -Wno-narrowing -Wno-unnamed-type-template-args -fdiagnostics-show-option -Wno-long-long -pthread -fomit-frame-pointer -msse -msse2 -mno-avx -msse3 -mno-ssse3 -mno-sse4.1 -mno-sse4.2 -ffunction-sections -fvisibility=hidden  -O3 -DNDEBUG   -o CMakeFiles/cmTryCompileExec4254358037.dir/CheckIncludeFile.c.o   -c /home2/caffe/package/opencv-3.0.0/build/CMakeFiles/CMakeTmp/CheckIncludeFile.c
/home2/caffe/package/opencv-3.0.0/build/CMakeFiles/CMakeTmp/CheckIncludeFile.c:1:25: 致命错误：sys/videoio.h：没有那个文件或目录
 #include <sys/videoio.h>
                         ^
编译中断。
gmake[1]: 离开目录“/home2/caffe/package/opencv-3.0.0/build/CMakeFiles/CMakeTmp”
gmake[1]: *** [CMakeFiles/cmTryCompileExec4254358037.dir/CheckIncludeFile.c.o] 错误 1
gmake: *** [cmTryCompileExec4254358037/fast] 错误 2


Determining if the include file libavformat/avformat.h exists failed with the following output:
Change Dir: /home2/caffe/package/opencv-3.0.0/build/CMakeFiles/CMakeTmp

Run Build Command:/usr/bin/gmake "cmTryCompileExec4092249686/fast"
/usr/bin/gmake -f CMakeFiles/cmTryCompileExec4092249686.dir/build.make CMakeFiles/cmTryCompileExec4092249686.dir/build
gmake[1]: 进入目录“/home2/caffe/package/opencv-3.0.0/build/CMakeFiles/CMakeTmp”
/usr/bin/cmake -E cmake_progress_report /home2/caffe/package/opencv-3.0.0/build/CMakeFiles/CMakeTmp/CMakeFiles 1
Building C object CMakeFiles/cmTryCompileExec4092249686.dir/CheckIncludeFile.c.o
/usr/bin/cc   -fsigned-char -W -Wall -Werror=return-type -Werror=non-virtual-dtor -Werror=address -Werror=sequence-point -Wformat -Werror=format-security -Wmissing-declarations -Wmissing-prototypes -Wstrict-prototypes -Wundef -Winit-self -Wpointer-arith -Wshadow -Wno-narrowing -Wno-unnamed-type-template-args -fdiagnostics-show-option -Wno-long-long -pthread -fomit-frame-pointer -msse -msse2 -mno-avx -msse3 -mno-ssse3 -mno-sse4.1 -mno-sse4.2 -ffunction-sections -fvisibility=hidden  -O3 -DNDEBUG   -o CMakeFiles/cmTryCompileExec4092249686.dir/CheckIncludeFile.c.o   -c /home2/caffe/package/opencv-3.0.0/build/CMakeFiles/CMakeTmp/CheckIncludeFile.c
/home2/caffe/package/opencv-3.0.0/build/CMakeFiles/CMakeTmp/CheckIncludeFile.c:1:34: 致命错误：libavformat/avformat.h：没有那个文件或目录
 #include <libavformat/avformat.h>
                                  ^
编译中断。
gmake[1]: 离开目录“/home2/caffe/package/opencv-3.0.0/build/CMakeFiles/CMakeTmp”
gmake[1]: *** [CMakeFiles/cmTryCompileExec4092249686.dir/CheckIncludeFile.c.o] 错误 1
gmake: *** [cmTryCompileExec4092249686/fast] 错误 2


Determining if the include file ffmpeg/avformat.h exists failed with the following output:
Change Dir: /home2/caffe/package/opencv-3.0.0/build/CMakeFiles/CMakeTmp

Run Build Command:/usr/bin/gmake "cmTryCompileExec2475072740/fast"
/usr/bin/gmake -f CMakeFiles/cmTryCompileExec2475072740.dir/build.make CMakeFiles/cmTryCompileExec2475072740.dir/build
gmake[1]: 进入目录“/home2/caffe/package/opencv-3.0.0/build/CMakeFiles/CMakeTmp”
/usr/bin/cmake -E cmake_progress_report /home2/caffe/package/opencv-3.0.0/build/CMakeFiles/CMakeTmp/CMakeFiles 1
Building C object CMakeFiles/cmTryCompileExec2475072740.dir/CheckIncludeFile.c.o
/usr/bin/cc   -fsigned-char -W -Wall -Werror=return-type -Werror=non-virtual-dtor -Werror=address -Werror=sequence-point -Wformat -Werror=format-security -Wmissing-declarations -Wmissing-prototypes -Wstrict-prototypes -Wundef -Winit-self -Wpointer-arith -Wshadow -Wno-narrowing -Wno-unnamed-type-template-args -fdiagnostics-show-option -Wno-long-long -pthread -fomit-frame-pointer -msse -msse2 -mno-avx -msse3 -mno-ssse3 -mno-sse4.1 -mno-sse4.2 -ffunction-sections -fvisibility=hidden  -O3 -DNDEBUG   -o CMakeFiles/cmTryCompileExec2475072740.dir/CheckIncludeFile.c.o   -c /home2/caffe/package/opencv-3.0.0/build/CMakeFiles/CMakeTmp/CheckIncludeFile.c
/home2/caffe/package/opencv-3.0.0/build/CMakeFiles/CMakeTmp/CheckIncludeFile.c:1:29: 致命错误：ffmpeg/avformat.h：没有那个文件或目录
 #include <ffmpeg/avformat.h>
                             ^
编译中断。
gmake[1]: 离开目录“/home2/caffe/package/opencv-3.0.0/build/CMakeFiles/CMakeTmp”
gmake[1]: *** [CMakeFiles/cmTryCompileExec2475072740.dir/CheckIncludeFile.c.o] 错误 1
gmake: *** [cmTryCompileExec2475072740/fast] 错误 2


Determining if the include file linux/videodev.h exists failed with the following output:
Change Dir: /home2/caffe/package/opencv-3.0.0/build/CMakeFiles/CMakeTmp

Run Build Command:/usr/bin/gmake "cmTryCompileExec1876794316/fast"
/usr/bin/gmake -f CMakeFiles/cmTryCompileExec1876794316.dir/build.make CMakeFiles/cmTryCompileExec1876794316.dir/build
gmake[1]: 进入目录“/home2/caffe/package/opencv-3.0.0/build/CMakeFiles/CMakeTmp”
/usr/bin/cmake -E cmake_progress_report /home2/caffe/package/opencv-3.0.0/build/CMakeFiles/CMakeTmp/CMakeFiles 1
Building C object CMakeFiles/cmTryCompileExec1876794316.dir/CheckIncludeFile.c.o
/usr/bin/cc   -fsigned-char -W -Wall -Werror=return-type -Werror=non-virtual-dtor -Werror=address -Werror=sequence-point -Wformat -Werror=format-security -Wmissing-declarations -Wmissing-prototypes -Wstrict-prototypes -Wundef -Winit-self -Wpointer-arith -Wshadow -Wno-narrowing -Wno-unnamed-type-template-args -fdiagnostics-show-option -Wno-long-long -pthread -fomit-frame-pointer -msse -msse2 -mno-avx -msse3 -mno-ssse3 -mno-sse4.1 -mno-sse4.2 -ffunction-sections -fvisibility=hidden  -O3 -DNDEBUG   -o CMakeFiles/cmTryCompileExec1876794316.dir/CheckIncludeFile.c.o   -c /home2/caffe/package/opencv-3.0.0/build/CMakeFiles/CMakeTmp/CheckIncludeFile.c
/home2/caffe/package/opencv-3.0.0/build/CMakeFiles/CMakeTmp/CheckIncludeFile.c:1:28: 致命错误：linux/videodev.h：没有那个文件或目录
 #include <linux/videodev.h>
                            ^
编译中断。
gmake[1]: 离开目录“/home2/caffe/package/opencv-3.0.0/build/CMakeFiles/CMakeTmp”
gmake[1]: *** [CMakeFiles/cmTryCompileExec1876794316.dir/CheckIncludeFile.c.o] 错误 1
gmake: *** [cmTryCompileExec1876794316/fast] 错误 2


Determining if the include file sys/videoio.h exists failed with the following output:
Change Dir: /home2/caffe/package/opencv-3.0.0/build/CMakeFiles/CMakeTmp

Run Build Command:/usr/bin/gmake "cmTryCompileExec1843106702/fast"
/usr/bin/gmake -f CMakeFiles/cmTryCompileExec1843106702.dir/build.make CMakeFiles/cmTryCompileExec1843106702.dir/build
gmake[1]: 进入目录“/home2/caffe/package/opencv-3.0.0/build/CMakeFiles/CMakeTmp”
/usr/bin/cmake -E cmake_progress_report /home2/caffe/package/opencv-3.0.0/build/CMakeFiles/CMakeTmp/CMakeFiles 1
Building C object CMakeFiles/cmTryCompileExec1843106702.dir/CheckIncludeFile.c.o
/usr/bin/cc   -fsigned-char -W -Wall -Werror=return-type -Werror=non-virtual-dtor -Werror=address -Werror=sequence-point -Wformat -Werror=format-security -Wmissing-declarations -Wmissing-prototypes -Wstrict-prototypes -Wundef -Winit-self -Wpointer-arith -Wshadow -Wno-narrowing -Wno-unnamed-type-template-args -fdiagnostics-show-option -Wno-long-long -pthread -fomit-frame-pointer -msse -msse2 -mno-avx -msse3 -mno-ssse3 -mno-sse4.1 -mno-sse4.2 -ffunction-sections -fvisibility=hidden  -O3 -DNDEBUG   -o CMakeFiles/cmTryCompileExec1843106702.dir/CheckIncludeFile.c.o   -c /home2/caffe/package/opencv-3.0.0/build/CMakeFiles/CMakeTmp/CheckIncludeFile.c
/home2/caffe/package/opencv-3.0.0/build/CMakeFiles/CMakeTmp/CheckIncludeFile.c:1:25: 致命错误：sys/videoio.h：没有那个文件或目录
 #include <sys/videoio.h>
                         ^
编译中断。
gmake[1]: 离开目录“/home2/caffe/package/opencv-3.0.0/build/CMakeFiles/CMakeTmp”
gmake[1]: *** [CMakeFiles/cmTryCompileExec1843106702.dir/CheckIncludeFile.c.o] 错误 1
gmake: *** [cmTryCompileExec1843106702/fast] 错误 2


Determining if the include file libavformat/avformat.h exists failed with the following output:
Change Dir: /home2/caffe/package/opencv-3.0.0/build/CMakeFiles/CMakeTmp

Run Build Command:/usr/bin/gmake "cmTryCompileExec1425083588/fast"
/usr/bin/gmake -f CMakeFiles/cmTryCompileExec1425083588.dir/build.make CMakeFiles/cmTryCompileExec1425083588.dir/build
gmake[1]: 进入目录“/home2/caffe/package/opencv-3.0.0/build/CMakeFiles/CMakeTmp”
/usr/bin/cmake -E cmake_progress_report /home2/caffe/package/opencv-3.0.0/build/CMakeFiles/CMakeTmp/CMakeFiles 1
Building C object CMakeFiles/cmTryCompileExec1425083588.dir/CheckIncludeFile.c.o
/usr/bin/cc   -fsigned-char -W -Wall -Werror=return-type -Werror=non-virtual-dtor -Werror=address -Werror=sequence-point -Wformat -Werror=format-security -Wmissing-declarations -Wmissing-prototypes -Wstrict-prototypes -Wundef -Winit-self -Wpointer-arith -Wshadow -Wno-narrowing -Wno-unnamed-type-template-args -fdiagnostics-show-option -Wno-long-long -pthread -fomit-frame-pointer -msse -msse2 -mno-avx -msse3 -mno-ssse3 -mno-sse4.1 -mno-sse4.2 -ffunction-sections -fvisibility=hidden  -O3 -DNDEBUG   -o CMakeFiles/cmTryCompileExec1425083588.dir/CheckIncludeFile.c.o   -c /home2/caffe/package/opencv-3.0.0/build/CMakeFiles/CMakeTmp/CheckIncludeFile.c
/home2/caffe/package/opencv-3.0.0/build/CMakeFiles/CMakeTmp/CheckIncludeFile.c:1:34: 致命错误：libavformat/avformat.h：没有那个文件或目录
 #include <libavformat/avformat.h>
                                  ^
编译中断。
gmake[1]: 离开目录“/home2/caffe/package/opencv-3.0.0/build/CMakeFiles/CMakeTmp”
gmake[1]: *** [CMakeFiles/cmTryCompileExec1425083588.dir/CheckIncludeFile.c.o] 错误 1
gmake: *** [cmTryCompileExec1425083588/fast] 错误 2


Determining if the include file ffmpeg/avformat.h exists failed with the following output:
Change Dir: /home2/caffe/package/opencv-3.0.0/build/CMakeFiles/CMakeTmp

Run Build Command:/usr/bin/gmake "cmTryCompileExec2791881283/fast"
/usr/bin/gmake -f CMakeFiles/cmTryCompileExec2791881283.dir/build.make CMakeFiles/cmTryCompileExec2791881283.dir/build
gmake[1]: 进入目录“/home2/caffe/package/opencv-3.0.0/build/CMakeFiles/CMakeTmp”
/usr/bin/cmake -E cmake_progress_report /home2/caffe/package/opencv-3.0.0/build/CMakeFiles/CMakeTmp/CMakeFiles 1
Building C object CMakeFiles/cmTryCompileExec2791881283.dir/CheckIncludeFile.c.o
/usr/bin/cc   -fsigned-char -W -Wall -Werror=return-type -Werror=non-virtual-dtor -Werror=address -Werror=sequence-point -Wformat -Werror=format-security -Wmissing-declarations -Wmissing-prototypes -Wstrict-prototypes -Wundef -Winit-self -Wpointer-arith -Wshadow -Wno-narrowing -Wno-unnamed-type-template-args -fdiagnostics-show-option -Wno-long-long -pthread -fomit-frame-pointer -msse -msse2 -mno-avx -msse3 -mno-ssse3 -mno-sse4.1 -mno-sse4.2 -ffunction-sections -fvisibility=hidden  -O3 -DNDEBUG   -o CMakeFiles/cmTryCompileExec2791881283.dir/CheckIncludeFile.c.o   -c /home2/caffe/package/opencv-3.0.0/build/CMakeFiles/CMakeTmp/CheckIncludeFile.c
/home2/caffe/package/opencv-3.0.0/build/CMakeFiles/CMakeTmp/CheckIncludeFile.c:1:29: 致命错误：ffmpeg/avformat.h：没有那个文件或目录
 #include <ffmpeg/avformat.h>
                             ^
编译中断。
gmake[1]: 离开目录“/home2/caffe/package/opencv-3.0.0/build/CMakeFiles/CMakeTmp”
gmake[1]: *** [CMakeFiles/cmTryCompileExec2791881283.dir/CheckIncludeFile.c.o] 错误 1
gmake: *** [cmTryCompileExec2791881283/fast] 错误 2


Determining if the include file linux/videodev.h exists failed with the following output:
Change Dir: /home2/caffe/package/opencv-3.0.0/build/CMakeFiles/CMakeTmp

Run Build Command:/usr/bin/gmake "cmTryCompileExec1373921671/fast"
/usr/bin/gmake -f CMakeFiles/cmTryCompileExec1373921671.dir/build.make CMakeFiles/cmTryCompileExec1373921671.dir/build
gmake[1]: 进入目录“/home2/caffe/package/opencv-3.0.0/build/CMakeFiles/CMakeTmp”
/usr/bin/cmake -E cmake_progress_report /home2/caffe/package/opencv-3.0.0/build/CMakeFiles/CMakeTmp/CMakeFiles 1
Building C object CMakeFiles/cmTryCompileExec1373921671.dir/CheckIncludeFile.c.o
/usr/bin/cc   -fsigned-char -W -Wall -Werror=return-type -Werror=non-virtual-dtor -Werror=address -Werror=sequence-point -Wformat -Werror=format-security -Wmissing-declarations -Wmissing-prototypes -Wstrict-prototypes -Wundef -Winit-self -Wpointer-arith -Wshadow -Wno-narrowing -Wno-unnamed-type-template-args -fdiagnostics-show-option -Wno-long-long -pthread -fomit-frame-pointer -msse -msse2 -mno-avx -msse3 -mno-ssse3 -mno-sse4.1 -mno-sse4.2 -ffunction-sections -fvisibility=hidden  -O3 -DNDEBUG   -o CMakeFiles/cmTryCompileExec1373921671.dir/CheckIncludeFile.c.o   -c /home2/caffe/package/opencv-3.0.0/build/CMakeFiles/CMakeTmp/CheckIncludeFile.c
/home2/caffe/package/opencv-3.0.0/build/CMakeFiles/CMakeTmp/CheckIncludeFile.c:1:28: 致命错误：linux/videodev.h：没有那个文件或目录
 #include <linux/videodev.h>
                            ^
编译中断。
gmake[1]: 离开目录“/home2/caffe/package/opencv-3.0.0/build/CMakeFiles/CMakeTmp”
gmake[1]: *** [CMakeFiles/cmTryCompileExec1373921671.dir/CheckIncludeFile.c.o] 错误 1
gmake: *** [cmTryCompileExec1373921671/fast] 错误 2


Determining if the include file sys/videoio.h exists failed with the following output:
Change Dir: /home2/caffe/package/opencv-3.0.0/build/CMakeFiles/CMakeTmp

Run Build Command:/usr/bin/gmake "cmTryCompileExec2637413599/fast"
/usr/bin/gmake -f CMakeFiles/cmTryCompileExec2637413599.dir/build.make CMakeFiles/cmTryCompileExec2637413599.dir/build
gmake[1]: 进入目录“/home2/caffe/package/opencv-3.0.0/build/CMakeFiles/CMakeTmp”
/usr/bin/cmake -E cmake_progress_report /home2/caffe/package/opencv-3.0.0/build/CMakeFiles/CMakeTmp/CMakeFiles 1
Building C object CMakeFiles/cmTryCompileExec2637413599.dir/CheckIncludeFile.c.o
/usr/bin/cc   -fsigned-char -W -Wall -Werror=return-type -Werror=non-virtual-dtor -Werror=address -Werror=sequence-point -Wformat -Werror=format-security -Wmissing-declarations -Wmissing-prototypes -Wstrict-prototypes -Wundef -Winit-self -Wpointer-arith -Wshadow -Wno-narrowing -Wno-unnamed-type-template-args -fdiagnostics-show-option -Wno-long-long -pthread -fomit-frame-pointer -msse -msse2 -mno-avx -msse3 -mno-ssse3 -mno-sse4.1 -mno-sse4.2 -ffunction-sections -fvisibility=hidden  -O3 -DNDEBUG   -o CMakeFiles/cmTryCompileExec2637413599.dir/CheckIncludeFile.c.o   -c /home2/caffe/package/opencv-3.0.0/build/CMakeFiles/CMakeTmp/CheckIncludeFile.c
/home2/caffe/package/opencv-3.0.0/build/CMakeFiles/CMakeTmp/CheckIncludeFile.c:1:25: 致命错误：sys/videoio.h：没有那个文件或目录
 #include <sys/videoio.h>
                         ^
编译中断。
gmake[1]: 离开目录“/home2/caffe/package/opencv-3.0.0/build/CMakeFiles/CMakeTmp”
gmake[1]: *** [CMakeFiles/cmTryCompileExec2637413599.dir/CheckIncludeFile.c.o] 错误 1
gmake: *** [cmTryCompileExec2637413599/fast] 错误 2


Determining if the include file libavformat/avformat.h exists failed with the following output:
Change Dir: /home2/caffe/package/opencv-3.0.0/build/CMakeFiles/CMakeTmp

Run Build Command:/usr/bin/gmake "cmTryCompileExec3161634310/fast"
/usr/bin/gmake -f CMakeFiles/cmTryCompileExec3161634310.dir/build.make CMakeFiles/cmTryCompileExec3161634310.dir/build
gmake[1]: 进入目录“/home2/caffe/package/opencv-3.0.0/build/CMakeFiles/CMakeTmp”
/usr/bin/cmake -E cmake_progress_report /home2/caffe/package/opencv-3.0.0/build/CMakeFiles/CMakeTmp/CMakeFiles 1
Building C object CMakeFiles/cmTryCompileExec3161634310.dir/CheckIncludeFile.c.o
/usr/bin/cc   -fsigned-char -W -Wall -Werror=return-type -Werror=non-virtual-dtor -Werror=address -Werror=sequence-point -Wformat -Werror=format-security -Wmissing-declarations -Wmissing-prototypes -Wstrict-prototypes -Wundef -Winit-self -Wpointer-arith -Wshadow -Wno-narrowing -Wno-unnamed-type-template-args -fdiagnostics-show-option -Wno-long-long -pthread -fomit-frame-pointer -msse -msse2 -mno-avx -msse3 -mno-ssse3 -mno-sse4.1 -mno-sse4.2 -ffunction-sections -fvisibility=hidden  -O3 -DNDEBUG   -o CMakeFiles/cmTryCompileExec3161634310.dir/CheckIncludeFile.c.o   -c /home2/caffe/package/opencv-3.0.0/build/CMakeFiles/CMakeTmp/CheckIncludeFile.c
/home2/caffe/package/opencv-3.0.0/build/CMakeFiles/CMakeTmp/CheckIncludeFile.c:1:34: 致命错误：libavformat/avformat.h：没有那个文件或目录
 #include <libavformat/avformat.h>
                                  ^
编译中断。
gmake[1]: 离开目录“/home2/caffe/package/opencv-3.0.0/build/CMakeFiles/CMakeTmp”
gmake[1]: *** [CMakeFiles/cmTryCompileExec3161634310.dir/CheckIncludeFile.c.o] 错误 1
gmake: *** [cmTryCompileExec3161634310/fast] 错误 2


Determining if the include file ffmpeg/avformat.h exists failed with the following output:
Change Dir: /home2/caffe/package/opencv-3.0.0/build/CMakeFiles/CMakeTmp

Run Build Command:/usr/bin/gmake "cmTryCompileExec1102559925/fast"
/usr/bin/gmake -f CMakeFiles/cmTryCompileExec1102559925.dir/build.make CMakeFiles/cmTryCompileExec1102559925.dir/build
gmake[1]: 进入目录“/home2/caffe/package/opencv-3.0.0/build/CMakeFiles/CMakeTmp”
/usr/bin/cmake -E cmake_progress_report /home2/caffe/package/opencv-3.0.0/build/CMakeFiles/CMakeTmp/CMakeFiles 1
Building C object CMakeFiles/cmTryCompileExec1102559925.dir/CheckIncludeFile.c.o
/usr/bin/cc   -fsigned-char -W -Wall -Werror=return-type -Werror=non-virtual-dtor -Werror=address -Werror=sequence-point -Wformat -Werror=format-security -Wmissing-declarations -Wmissing-prototypes -Wstrict-prototypes -Wundef -Winit-self -Wpointer-arith -Wshadow -Wno-narrowing -Wno-unnamed-type-template-args -fdiagnostics-show-option -Wno-long-long -pthread -fomit-frame-pointer -msse -msse2 -mno-avx -msse3 -mno-ssse3 -mno-sse4.1 -mno-sse4.2 -ffunction-sections -fvisibility=hidden  -O3 -DNDEBUG   -o CMakeFiles/cmTryCompileExec1102559925.dir/CheckIncludeFile.c.o   -c /home2/caffe/package/opencv-3.0.0/build/CMakeFiles/CMakeTmp/CheckIncludeFile.c
/home2/caffe/package/opencv-3.0.0/build/CMakeFiles/CMakeTmp/CheckIncludeFile.c:1:29: 致命错误：ffmpeg/avformat.h：没有那个文件或目录
 #include <ffmpeg/avformat.h>
                             ^
编译中断。
gmake[1]: 离开目录“/home2/caffe/package/opencv-3.0.0/build/CMakeFiles/CMakeTmp”
gmake[1]: *** [CMakeFiles/cmTryCompileExec1102559925.dir/CheckIncludeFile.c.o] 错误 1
gmake: *** [cmTryCompileExec1102559925/fast] 错误 2


Determining if the include file linux/videodev.h exists failed with the following output:
Change Dir: /home2/caffe/package/opencv-3.0.0/build/CMakeFiles/CMakeTmp

Run Build Command:/usr/bin/gmake "cmTryCompileExec630538257/fast"
/usr/bin/gmake -f CMakeFiles/cmTryCompileExec630538257.dir/build.make CMakeFiles/cmTryCompileExec630538257.dir/build
gmake[1]: 进入目录“/home2/caffe/package/opencv-3.0.0/build/CMakeFiles/CMakeTmp”
/usr/bin/cmake -E cmake_progress_report /home2/caffe/package/opencv-3.0.0/build/CMakeFiles/CMakeTmp/CMakeFiles 1
Building C object CMakeFiles/cmTryCompileExec630538257.dir/CheckIncludeFile.c.o
/usr/bin/cc   -fsigned-char -W -Wall -Werror=return-type -Werror=non-virtual-dtor -Werror=address -Werror=sequence-point -Wformat -Werror=format-security -Wmissing-declarations -Wmissing-prototypes -Wstrict-prototypes -Wundef -Winit-self -Wpointer-arith -Wshadow -Wno-narrowing -Wno-unnamed-type-template-args -fdiagnostics-show-option -Wno-long-long -pthread -fomit-frame-pointer -msse -msse2 -mno-avx -msse3 -mno-ssse3 -mno-sse4.1 -mno-sse4.2 -ffunction-sections -fvisibility=hidden  -O3 -DNDEBUG   -o CMakeFiles/cmTryCompileExec630538257.dir/CheckIncludeFile.c.o   -c /home2/caffe/package/opencv-3.0.0/build/CMakeFiles/CMakeTmp/CheckIncludeFile.c
/home2/caffe/package/opencv-3.0.0/build/CMakeFiles/CMakeTmp/CheckIncludeFile.c:1:28: 致命错误：linux/videodev.h：没有那个文件或目录
 #include <linux/videodev.h>
                            ^
编译中断。
gmake[1]: 离开目录“/home2/caffe/package/opencv-3.0.0/build/CMakeFiles/CMakeTmp”
gmake[1]: *** [CMakeFiles/cmTryCompileExec630538257.dir/CheckIncludeFile.c.o] 错误 1
gmake: *** [cmTryCompileExec630538257/fast] 错误 2


Determining if the include file sys/videoio.h exists failed with the following output:
Change Dir: /home2/caffe/package/opencv-3.0.0/build/CMakeFiles/CMakeTmp

Run Build Command:/usr/bin/gmake "cmTryCompileExec2098341473/fast"
/usr/bin/gmake -f CMakeFiles/cmTryCompileExec2098341473.dir/build.make CMakeFiles/cmTryCompileExec2098341473.dir/build
gmake[1]: 进入目录“/home2/caffe/package/opencv-3.0.0/build/CMakeFiles/CMakeTmp”
/usr/bin/cmake -E cmake_progress_report /home2/caffe/package/opencv-3.0.0/build/CMakeFiles/CMakeTmp/CMakeFiles 1
Building C object CMakeFiles/cmTryCompileExec2098341473.dir/CheckIncludeFile.c.o
/usr/bin/cc   -fsigned-char -W -Wall -Werror=return-type -Werror=non-virtual-dtor -Werror=address -Werror=sequence-point -Wformat -Werror=format-security -Wmissing-declarations -Wmissing-prototypes -Wstrict-prototypes -Wundef -Winit-self -Wpointer-arith -Wshadow -Wno-narrowing -Wno-unnamed-type-template-args -fdiagnostics-show-option -Wno-long-long -pthread -fomit-frame-pointer -msse -msse2 -mno-avx -msse3 -mno-ssse3 -mno-sse4.1 -mno-sse4.2 -ffunction-sections -fvisibility=hidden  -O3 -DNDEBUG   -o CMakeFiles/cmTryCompileExec2098341473.dir/CheckIncludeFile.c.o   -c /home2/caffe/package/opencv-3.0.0/build/CMakeFiles/CMakeTmp/CheckIncludeFile.c
/home2/caffe/package/opencv-3.0.0/build/CMakeFiles/CMakeTmp/CheckIncludeFile.c:1:25: 致命错误：sys/videoio.h：没有那个文件或目录
 #include <sys/videoio.h>
                         ^
编译中断。
gmake[1]: 离开目录“/home2/caffe/package/opencv-3.0.0/build/CMakeFiles/CMakeTmp”
gmake[1]: *** [CMakeFiles/cmTryCompileExec2098341473.dir/CheckIncludeFile.c.o] 错误 1
gmake: *** [cmTryCompileExec2098341473/fast] 错误 2


Determining if the include file libavformat/avformat.h exists failed with the following output:
Change Dir: /home2/caffe/package/opencv-3.0.0/build/CMakeFiles/CMakeTmp

Run Build Command:/usr/bin/gmake "cmTryCompileExec2062340108/fast"
/usr/bin/gmake -f CMakeFiles/cmTryCompileExec2062340108.dir/build.make CMakeFiles/cmTryCompileExec2062340108.dir/build
gmake[1]: 进入目录“/home2/caffe/package/opencv-3.0.0/build/CMakeFiles/CMakeTmp”
/usr/bin/cmake -E cmake_progress_report /home2/caffe/package/opencv-3.0.0/build/CMakeFiles/CMakeTmp/CMakeFiles 1
Building C object CMakeFiles/cmTryCompileExec2062340108.dir/CheckIncludeFile.c.o
/usr/bin/cc   -fsigned-char -W -Wall -Werror=return-type -Werror=non-virtual-dtor -Werror=address -Werror=sequence-point -Wformat -Werror=format-security -Wmissing-declarations -Wmissing-prototypes -Wstrict-prototypes -Wundef -Winit-self -Wpointer-arith -Wshadow -Wno-narrowing -Wno-unnamed-type-template-args -fdiagnostics-show-option -Wno-long-long -pthread -fomit-frame-pointer -msse -msse2 -mno-avx -msse3 -mno-ssse3 -mno-sse4.1 -mno-sse4.2 -ffunction-sections -fvisibility=hidden  -O3 -DNDEBUG   -o CMakeFiles/cmTryCompileExec2062340108.dir/CheckIncludeFile.c.o   -c /home2/caffe/package/opencv-3.0.0/build/CMakeFiles/CMakeTmp/CheckIncludeFile.c
/home2/caffe/package/opencv-3.0.0/build/CMakeFiles/CMakeTmp/CheckIncludeFile.c:1:34: 致命错误：libavformat/avformat.h：没有那个文件或目录
 #include <libavformat/avformat.h>
                                  ^
编译中断。
gmake[1]: 离开目录“/home2/caffe/package/opencv-3.0.0/build/CMakeFiles/CMakeTmp”
gmake[1]: *** [CMakeFiles/cmTryCompileExec2062340108.dir/CheckIncludeFile.c.o] 错误 1
gmake: *** [cmTryCompileExec2062340108/fast] 错误 2


Determining if the include file ffmpeg/avformat.h exists failed with the following output:
Change Dir: /home2/caffe/package/opencv-3.0.0/build/CMakeFiles/CMakeTmp

Run Build Command:/usr/bin/gmake "cmTryCompileExec125595245/fast"
/usr/bin/gmake -f CMakeFiles/cmTryCompileExec125595245.dir/build.make CMakeFiles/cmTryCompileExec125595245.dir/build
gmake[1]: 进入目录“/home2/caffe/package/opencv-3.0.0/build/CMakeFiles/CMakeTmp”
/usr/bin/cmake -E cmake_progress_report /home2/caffe/package/opencv-3.0.0/build/CMakeFiles/CMakeTmp/CMakeFiles 1
Building C object CMakeFiles/cmTryCompileExec125595245.dir/CheckIncludeFile.c.o
/usr/bin/cc   -fsigned-char -W -Wall -Werror=return-type -Werror=non-virtual-dtor -Werror=address -Werror=sequence-point -Wformat -Werror=format-security -Wmissing-declarations -Wmissing-prototypes -Wstrict-prototypes -Wundef -Winit-self -Wpointer-arith -Wshadow -Wno-narrowing -Wno-unnamed-type-template-args -fdiagnostics-show-option -Wno-long-long -pthread -fomit-frame-pointer -msse -msse2 -mno-avx -msse3 -mno-ssse3 -mno-sse4.1 -mno-sse4.2 -ffunction-sections -fvisibility=hidden  -O3 -DNDEBUG   -o CMakeFiles/cmTryCompileExec125595245.dir/CheckIncludeFile.c.o   -c /home2/caffe/package/opencv-3.0.0/build/CMakeFiles/CMakeTmp/CheckIncludeFile.c
/home2/caffe/package/opencv-3.0.0/build/CMakeFiles/CMakeTmp/CheckIncludeFile.c:1:29: 致命错误：ffmpeg/avformat.h：没有那个文件或目录
 #include <ffmpeg/avformat.h>
                             ^
编译中断。
gmake[1]: 离开目录“/home2/caffe/package/opencv-3.0.0/build/CMakeFiles/CMakeTmp”
gmake[1]: *** [CMakeFiles/cmTryCompileExec125595245.dir/CheckIncludeFile.c.o] 错误 1
gmake: *** [cmTryCompileExec125595245/fast] 错误 2


Determining if the include file linux/videodev.h exists failed with the following output:
Change Dir: /home2/caffe/package/opencv-3.0.0/build/CMakeFiles/CMakeTmp

Run Build Command:/usr/bin/gmake "cmTryCompileExec2891331793/fast"
/usr/bin/gmake -f CMakeFiles/cmTryCompileExec2891331793.dir/build.make CMakeFiles/cmTryCompileExec2891331793.dir/build
gmake[1]: 进入目录“/home2/caffe/package/opencv-3.0.0/build/CMakeFiles/CMakeTmp”
/usr/bin/cmake -E cmake_progress_report /home2/caffe/package/opencv-3.0.0/build/CMakeFiles/CMakeTmp/CMakeFiles 1
Building C object CMakeFiles/cmTryCompileExec2891331793.dir/CheckIncludeFile.c.o
/usr/bin/cc   -fsigned-char -W -Wall -Werror=return-type -Werror=non-virtual-dtor -Werror=address -Werror=sequence-point -Wformat -Werror=format-security -Wmissing-declarations -Wmissing-prototypes -Wstrict-prototypes -Wundef -Winit-self -Wpointer-arith -Wshadow -Wno-narrowing -Wno-unnamed-type-template-args -fdiagnostics-show-option -Wno-long-long -pthread -fomit-frame-pointer -msse -msse2 -mno-avx -msse3 -mno-ssse3 -mno-sse4.1 -mno-sse4.2 -ffunction-sections -fvisibility=hidden  -O3 -DNDEBUG   -o CMakeFiles/cmTryCompileExec2891331793.dir/CheckIncludeFile.c.o   -c /home2/caffe/package/opencv-3.0.0/build/CMakeFiles/CMakeTmp/CheckIncludeFile.c
/home2/caffe/package/opencv-3.0.0/build/CMakeFiles/CMakeTmp/CheckIncludeFile.c:1:28: 致命错误：linux/videodev.h：没有那个文件或目录
 #include <linux/videodev.h>
                            ^
编译中断。
gmake[1]: 离开目录“/home2/caffe/package/opencv-3.0.0/build/CMakeFiles/CMakeTmp”
gmake[1]: *** [CMakeFiles/cmTryCompileExec2891331793.dir/CheckIncludeFile.c.o] 错误 1
gmake: *** [cmTryCompileExec2891331793/fast] 错误 2


Determining if the include file sys/videoio.h exists failed with the following output:
Change Dir: /home2/caffe/package/opencv-3.0.0/build/CMakeFiles/CMakeTmp

Run Build Command:/usr/bin/gmake "cmTryCompileExec2684816/fast"
/usr/bin/gmake -f CMakeFiles/cmTryCompileExec2684816.dir/build.make CMakeFiles/cmTryCompileExec2684816.dir/build
gmake[1]: 进入目录“/home2/caffe/package/opencv-3.0.0/build/CMakeFiles/CMakeTmp”
/usr/bin/cmake -E cmake_progress_report /home2/caffe/package/opencv-3.0.0/build/CMakeFiles/CMakeTmp/CMakeFiles 1
Building C object CMakeFiles/cmTryCompileExec2684816.dir/CheckIncludeFile.c.o
/usr/bin/cc   -fsigned-char -W -Wall -Werror=return-type -Werror=non-virtual-dtor -Werror=address -Werror=sequence-point -Wformat -Werror=format-security -Wmissing-declarations -Wmissing-prototypes -Wstrict-prototypes -Wundef -Winit-self -Wpointer-arith -Wshadow -Wno-narrowing -Wno-unnamed-type-template-args -fdiagnostics-show-option -Wno-long-long -pthread -fomit-frame-pointer -msse -msse2 -mno-avx -msse3 -mno-ssse3 -mno-sse4.1 -mno-sse4.2 -ffunction-sections -fvisibility=hidden  -O3 -DNDEBUG   -o CMakeFiles/cmTryCompileExec2684816.dir/CheckIncludeFile.c.o   -c /home2/caffe/package/opencv-3.0.0/build/CMakeFiles/CMakeTmp/CheckIncludeFile.c
/home2/caffe/package/opencv-3.0.0/build/CMakeFiles/CMakeTmp/CheckIncludeFile.c:1:25: 致命错误：sys/videoio.h：没有那个文件或目录
 #include <sys/videoio.h>
                         ^
编译中断。
gmake[1]: 离开目录“/home2/caffe/package/opencv-3.0.0/build/CMakeFiles/CMakeTmp”
gmake[1]: *** [CMakeFiles/cmTryCompileExec2684816.dir/CheckIncludeFile.c.o] 错误 1
gmake: *** [cmTryCompileExec2684816/fast] 错误 2


Determining if the include file libavformat/avformat.h exists failed with the following output:
Change Dir: /home2/caffe/package/opencv-3.0.0/build/CMakeFiles/CMakeTmp

Run Build Command:/usr/bin/gmake "cmTryCompileExec1676033135/fast"
/usr/bin/gmake -f CMakeFiles/cmTryCompileExec1676033135.dir/build.make CMakeFiles/cmTryCompileExec1676033135.dir/build
gmake[1]: 进入目录“/home2/caffe/package/opencv-3.0.0/build/CMakeFiles/CMakeTmp”
/usr/bin/cmake -E cmake_progress_report /home2/caffe/package/opencv-3.0.0/build/CMakeFiles/CMakeTmp/CMakeFiles 1
Building C object CMakeFiles/cmTryCompileExec1676033135.dir/CheckIncludeFile.c.o
/usr/bin/cc   -fsigned-char -W -Wall -Werror=return-type -Werror=non-virtual-dtor -Werror=address -Werror=sequence-point -Wformat -Werror=format-security -Wmissing-declarations -Wmissing-prototypes -Wstrict-prototypes -Wundef -Winit-self -Wpointer-arith -Wshadow -Wno-narrowing -Wno-unnamed-type-template-args -fdiagnostics-show-option -Wno-long-long -pthread -fomit-frame-pointer -msse -msse2 -mno-avx -msse3 -mno-ssse3 -mno-sse4.1 -mno-sse4.2 -ffunction-sections -fvisibility=hidden  -O3 -DNDEBUG   -o CMakeFiles/cmTryCompileExec1676033135.dir/CheckIncludeFile.c.o   -c /home2/caffe/package/opencv-3.0.0/build/CMakeFiles/CMakeTmp/CheckIncludeFile.c
/home2/caffe/package/opencv-3.0.0/build/CMakeFiles/CMakeTmp/CheckIncludeFile.c:1:34: 致命错误：libavformat/avformat.h：没有那个文件或目录
 #include <libavformat/avformat.h>
                                  ^
编译中断。
gmake[1]: 离开目录“/home2/caffe/package/opencv-3.0.0/build/CMakeFiles/CMakeTmp”
gmake[1]: *** [CMakeFiles/cmTryCompileExec1676033135.dir/CheckIncludeFile.c.o] 错误 1
gmake: *** [cmTryCompileExec1676033135/fast] 错误 2


Determining if the include file ffmpeg/avformat.h exists failed with the following output:
Change Dir: /home2/caffe/package/opencv-3.0.0/build/CMakeFiles/CMakeTmp

Run Build Command:/usr/bin/gmake "cmTryCompileExec4164197488/fast"
/usr/bin/gmake -f CMakeFiles/cmTryCompileExec4164197488.dir/build.make CMakeFiles/cmTryCompileExec4164197488.dir/build
gmake[1]: 进入目录“/home2/caffe/package/opencv-3.0.0/build/CMakeFiles/CMakeTmp”
/usr/bin/cmake -E cmake_progress_report /home2/caffe/package/opencv-3.0.0/build/CMakeFiles/CMakeTmp/CMakeFiles 1
Building C object CMakeFiles/cmTryCompileExec4164197488.dir/CheckIncludeFile.c.o
/usr/bin/cc   -fsigned-char -W -Wall -Werror=return-type -Werror=non-virtual-dtor -Werror=address -Werror=sequence-point -Wformat -Werror=format-security -Wmissing-declarations -Wmissing-prototypes -Wstrict-prototypes -Wundef -Winit-self -Wpointer-arith -Wshadow -Wno-narrowing -Wno-unnamed-type-template-args -fdiagnostics-show-option -Wno-long-long -pthread -fomit-frame-pointer -msse -msse2 -mno-avx -msse3 -mno-ssse3 -mno-sse4.1 -mno-sse4.2 -ffunction-sections -fvisibility=hidden  -O3 -DNDEBUG   -o CMakeFiles/cmTryCompileExec4164197488.dir/CheckIncludeFile.c.o   -c /home2/caffe/package/opencv-3.0.0/build/CMakeFiles/CMakeTmp/CheckIncludeFile.c
/home2/caffe/package/opencv-3.0.0/build/CMakeFiles/CMakeTmp/CheckIncludeFile.c:1:29: 致命错误：ffmpeg/avformat.h：没有那个文件或目录
 #include <ffmpeg/avformat.h>
                             ^
编译中断。
gmake[1]: 离开目录“/home2/caffe/package/opencv-3.0.0/build/CMakeFiles/CMakeTmp”
gmake[1]: *** [CMakeFiles/cmTryCompileExec4164197488.dir/CheckIncludeFile.c.o] 错误 1
gmake: *** [cmTryCompileExec4164197488/fast] 错误 2


